system   D            wsystem.c:633  _al_win_safe_load_library        [   0.00028] PathFindOnPath found: C:\Windows\system32\d3d9.dll
system   D            wsystem.c:544  load_library_at_path             [   0.00035] Calling LoadLibrary C:\Windows\system32\d3d9.dll
system   I            wsystem.c:547  load_library_at_path             [   0.00308] Loaded C:\Windows\system32\d3d9.dll
d3d      I         d3d_disp.cpp:695  _al_d3d_init_display             [   0.01830] Render-to-texture: 1
system   I             system.c:272  al_install_system                [   0.01835] Allegro version: 5.0.8
audio-dsound D           dsound.cpp:234  _dsound_open                     [   0.01921] Loading DirectSound module
system   D            wsystem.c:633  _al_win_safe_load_library        [   0.01937] PathFindOnPath found: C:\Windows\system32\dsound.dll
system   D            wsystem.c:544  load_library_at_path             [   0.01939] Calling LoadLibrary C:\Windows\system32\dsound.dll
system   I            wsystem.c:547  load_library_at_path             [   0.02085] Loaded C:\Windows\system32\dsound.dll
audio-dsound I           dsound.cpp:251  _dsound_open                     [   0.02088] Starting DirectSound...
audio-dsound D           dsound.cpp:261  _dsound_open                     [   0.04014] DirectSoundCreate8 succeeded
audio    I              audio.c:286  do_install_audio                 [   0.04137] Using DirectSound driver
audio-dsound D           dsound.cpp:296  _dsound_allocate_voice           [   0.04144] Allocating voice
audio-dsound D           dsound.cpp:355  _dsound_allocate_voice           [   0.04147] Allocated voice
dtor     D               dtor.c:184  _al_register_destructor          [   0.04150] added dtor for object 007DD0B8, func 51F324FF
dtor     D               dtor.c:184  _al_register_destructor          [   0.04153] added dtor for object 007E0D38, func 51F328FB
audio-dsound D           dsound.cpp:452  _dsound_start_voice              [   0.04156] Starting voice
audio-dsound D           dsound.cpp:481  _dsound_start_voice              [   0.04158] CreateSoundBuffer
audio-dsound D           dsound.cpp:490  _dsound_start_voice              [   0.04254] CreateSoundBuffer succeeded
audio-dsound D           dsound.cpp:496  _dsound_start_voice              [   0.04256] Starting _dsound_update thread
audio-dsound I           dsound.cpp:506  _dsound_start_voice              [   0.04271] Voice started
dtor     D               dtor.c:184  _al_register_destructor          [   0.04276] added dtor for object 007E44B8, func 51F323D8
audio    D          kcm_mixer.c:121  _al_rechannel_matrix             [   0.04279] sample matrix:
audio    D          kcm_mixer.c:127  _al_rechannel_matrix             [   0.04281] 
audio    D          kcm_mixer.c:127  _al_rechannel_matrix             [   0.04283] 
dtor     D               dtor.c:184  _al_register_destructor          [   0.04288] added dtor for object 007E17A0, func 51F323D8
audio    D          kcm_mixer.c:121  _al_rechannel_matrix             [   0.04300] sample matrix:
audio    D          kcm_mixer.c:127  _al_rechannel_matrix             [   0.04302] 
audio    D          kcm_mixer.c:127  _al_rechannel_matrix             [   0.04304] 
dtor     D               dtor.c:184  _al_register_destructor          [   0.04307] added dtor for object 007F2388, func 51F323D8
audio    D          kcm_mixer.c:121  _al_rechannel_matrix             [   0.04310] sample matrix:
audio    D          kcm_mixer.c:127  _al_rechannel_matrix             [   0.04312] 
audio    D          kcm_mixer.c:127  _al_rechannel_matrix             [   0.04314] 
dtor     D               dtor.c:184  _al_register_destructor          [   0.04316] added dtor for object 007F2B68, func 51F323D8
audio    D          kcm_mixer.c:121  _al_rechannel_matrix             [   0.04318] sample matrix:
audio    D          kcm_mixer.c:127  _al_rechannel_matrix             [   0.04320] 
audio    D          kcm_mixer.c:127  _al_rechannel_matrix             [   0.04321] 
dtor     D               dtor.c:184  _al_register_destructor          [   0.04323] added dtor for object 007F27A8, func 51F323D8
audio    D          kcm_mixer.c:121  _al_rechannel_matrix             [   0.04327] sample matrix:
audio    D          kcm_mixer.c:127  _al_rechannel_matrix             [   0.04328] 
audio    D          kcm_mixer.c:127  _al_rechannel_matrix             [   0.04330] 
dtor     D               dtor.c:184  _al_register_destructor          [   0.04331] added dtor for object 007F2C80, func 51F323D8
audio    D          kcm_mixer.c:121  _al_rechannel_matrix             [   0.04332] sample matrix:
audio    D          kcm_mixer.c:127  _al_rechannel_matrix             [   0.04334] 
audio    D          kcm_mixer.c:127  _al_rechannel_matrix             [   0.04335] 
dtor     D               dtor.c:184  _al_register_destructor          [   0.04336] added dtor for object 007F2608, func 51F323D8
audio    D          kcm_mixer.c:121  _al_rechannel_matrix             [   0.04338] sample matrix:
audio    D          kcm_mixer.c:127  _al_rechannel_matrix             [   0.04339] 
audio    D          kcm_mixer.c:127  _al_rechannel_matrix             [   0.04340] 
dtor     D               dtor.c:184  _al_register_destructor          [   0.04342] added dtor for object 007F31B8, func 51F323D8
audio    D          kcm_mixer.c:121  _al_rechannel_matrix             [   0.04343] sample matrix:
audio    D          kcm_mixer.c:127  _al_rechannel_matrix             [   0.04344] 
audio    D          kcm_mixer.c:127  _al_rechannel_matrix             [   0.04346] 
dtor     D               dtor.c:184  _al_register_destructor          [   0.04348] added dtor for object 007F34E0, func 51F323D8
audio    D          kcm_mixer.c:121  _al_rechannel_matrix             [   0.04350] sample matrix:
audio    D          kcm_mixer.c:127  _al_rechannel_matrix             [   0.04351] 
audio    D          kcm_mixer.c:127  _al_rechannel_matrix             [   0.04352] 
dtor     D               dtor.c:184  _al_register_destructor          [   0.04353] added dtor for object 007F24E0, func 51F323D8
audio    D          kcm_mixer.c:121  _al_rechannel_matrix             [   0.04355] sample matrix:
audio    D          kcm_mixer.c:127  _al_rechannel_matrix             [   0.04356] 
audio    D          kcm_mixer.c:127  _al_rechannel_matrix             [   0.04357] 
dtor     D               dtor.c:184  _al_register_destructor          [   0.04359] added dtor for object 007F2E48, func 51F323D8
audio    D          kcm_mixer.c:121  _al_rechannel_matrix             [   0.04360] sample matrix:
audio    D          kcm_mixer.c:127  _al_rechannel_matrix             [   0.04361] 
audio    D          kcm_mixer.c:127  _al_rechannel_matrix             [   0.04362] 
dtor     D               dtor.c:184  _al_register_destructor          [   0.04364] added dtor for object 007F33B0, func 51F323D8
audio    D          kcm_mixer.c:121  _al_rechannel_matrix             [   0.04365] sample matrix:
audio    D          kcm_mixer.c:127  _al_rechannel_matrix             [   0.04366] 
audio    D          kcm_mixer.c:127  _al_rechannel_matrix             [   0.04367] 
dtor     D               dtor.c:184  _al_register_destructor          [   0.04369] added dtor for object 007F37D8, func 51F323D8
audio    D          kcm_mixer.c:121  _al_rechannel_matrix             [   0.04370] sample matrix:
audio    D          kcm_mixer.c:127  _al_rechannel_matrix             [   0.04371] 
audio    D          kcm_mixer.c:127  _al_rechannel_matrix             [   0.04372] 
dtor     D               dtor.c:184  _al_register_destructor          [   0.04374] added dtor for object 007F35F8, func 51F323D8
audio    D          kcm_mixer.c:121  _al_rechannel_matrix             [   0.04375] sample matrix:
audio    D          kcm_mixer.c:127  _al_rechannel_matrix             [   0.04376] 
audio    D          kcm_mixer.c:127  _al_rechannel_matrix             [   0.04378] 
dtor     D               dtor.c:184  _al_register_destructor          [   0.04379] added dtor for object 007F38F0, func 51F323D8
audio    D          kcm_mixer.c:121  _al_rechannel_matrix             [   0.04381] sample matrix:
audio    D          kcm_mixer.c:127  _al_rechannel_matrix             [   0.04382] 
audio    D          kcm_mixer.c:127  _al_rechannel_matrix             [   0.04383] 
dtor     D               dtor.c:184  _al_register_destructor          [   0.04384] added dtor for object 007F3D28, func 51F323D8
audio    D          kcm_mixer.c:121  _al_rechannel_matrix             [   0.04386] sample matrix:
audio    D          kcm_mixer.c:127  _al_rechannel_matrix             [   0.04387] 
audio    D          kcm_mixer.c:127  _al_rechannel_matrix             [   0.04388] 
d3d      I         d3d_disp.cpp:1732 d3d_create_display_locked        [   0.04435] faux_fullscreen=0
d3d      D         d3d_disp.cpp:1733 d3d_create_display_locked        [   0.04437] al_display=007F40A0
d3d      D         d3d_disp.cpp:1734 d3d_create_display_locked        [   0.04438] al_display->vt=007F3FD8
d3d      I d3d_display_formats.cpp:144  _al_d3d_generate_display_format_list [   0.05702] found 128 format combinations
display  D   display_settings.c:191  debug_display_settings           [   0.05705] color: 32 (rgba 8880), depth: 0, stencil: 0, acc: 0000, samples: 0/0
display  D   display_settings.c:506  _al_score_display_settings       [   0.05707] Score is : 897
display  D   display_settings.c:191  debug_display_settings           [   0.05708] color: 32 (rgba 8880), depth: 0, stencil: 0, acc: 0000, samples: 0/0
display  D   display_settings.c:506  _al_score_display_settings       [   0.05710] Score is : 897
display  D   display_settings.c:191  debug_display_settings           [   0.05711] color: 32 (rgba 8880), depth: 0, stencil: 0, acc: 0000, samples: 2/1
display  D   display_settings.c:506  _al_score_display_settings       [   0.05712] Score is : 726
display  D   display_settings.c:191  debug_display_settings           [   0.05713] color: 32 (rgba 8880), depth: 0, stencil: 0, acc: 0000, samples: 3/1
display  D   display_settings.c:506  _al_score_display_settings       [   0.05715] Score is : 721
display  D   display_settings.c:191  debug_display_settings           [   0.05716] color: 32 (rgba 8880), depth: 24, stencil: 8, acc: 0000, samples: 0/0
display  D   display_settings.c:506  _al_score_display_settings       [   0.05718] Score is : 897
display  D   display_settings.c:191  debug_display_settings           [   0.05719] color: 32 (rgba 8880), depth: 24, stencil: 8, acc: 0000, samples: 0/0
display  D   display_settings.c:506  _al_score_display_settings       [   0.05720] Score is : 897
display  D   display_settings.c:191  debug_display_settings           [   0.05721] color: 32 (rgba 8880), depth: 24, stencil: 8, acc: 0000, samples: 2/1
display  D   display_settings.c:506  _al_score_display_settings       [   0.05723] Score is : 726
display  D   display_settings.c:191  debug_display_settings           [   0.05724] color: 32 (rgba 8880), depth: 24, stencil: 8, acc: 0000, samples: 3/1
display  D   display_settings.c:506  _al_score_display_settings       [   0.05726] Score is : 721
display  D   display_settings.c:191  debug_display_settings           [   0.05727] color: 32 (rgba 8880), depth: 24, stencil: 0, acc: 0000, samples: 0/0
display  D   display_settings.c:506  _al_score_display_settings       [   0.05728] Score is : 897
display  D   display_settings.c:191  debug_display_settings           [   0.05729] color: 32 (rgba 8880), depth: 24, stencil: 0, acc: 0000, samples: 0/0
display  D   display_settings.c:506  _al_score_display_settings       [   0.05731] Score is : 897
display  D   display_settings.c:191  debug_display_settings           [   0.05732] color: 32 (rgba 8880), depth: 24, stencil: 0, acc: 0000, samples: 2/1
display  D   display_settings.c:506  _al_score_display_settings       [   0.05734] Score is : 726
display  D   display_settings.c:191  debug_display_settings           [   0.05735] color: 32 (rgba 8880), depth: 24, stencil: 0, acc: 0000, samples: 3/1
display  D   display_settings.c:506  _al_score_display_settings       [   0.05736] Score is : 721
display  D   display_settings.c:191  debug_display_settings           [   0.05738] color: 32 (rgba 8880), depth: 16, stencil: 0, acc: 0000, samples: 0/0
display  D   display_settings.c:506  _al_score_display_settings       [   0.05739] Score is : 897
display  D   display_settings.c:191  debug_display_settings           [   0.05740] color: 32 (rgba 8880), depth: 16, stencil: 0, acc: 0000, samples: 0/0
display  D   display_settings.c:506  _al_score_display_settings       [   0.05742] Score is : 897
display  D   display_settings.c:191  debug_display_settings           [   0.05743] color: 32 (rgba 8880), depth: 16, stencil: 0, acc: 0000, samples: 2/1
display  D   display_settings.c:506  _al_score_display_settings       [   0.05745] Score is : 726
display  D   display_settings.c:191  debug_display_settings           [   0.05746] color: 32 (rgba 8880), depth: 16, stencil: 0, acc: 0000, samples: 3/1
display  D   display_settings.c:506  _al_score_display_settings       [   0.05748] Score is : 721
display  D   display_settings.c:191  debug_display_settings           [   0.05749] color: 16 (rgba 5650), depth: 0, stencil: 0, acc: 0000, samples: 0/0
display  D   display_settings.c:506  _al_score_display_settings       [   0.05750] Score is : 897
display  D   display_settings.c:191  debug_display_settings           [   0.05751] color: 16 (rgba 5650), depth: 0, stencil: 0, acc: 0000, samples: 0/0
display  D   display_settings.c:506  _al_score_display_settings       [   0.05753] Score is : 897
display  D   display_settings.c:191  debug_display_settings           [   0.05754] color: 16 (rgba 5650), depth: 0, stencil: 0, acc: 0000, samples: 2/1
display  D   display_settings.c:506  _al_score_display_settings       [   0.05756] Score is : 726
display  D   display_settings.c:191  debug_display_settings           [   0.05757] color: 16 (rgba 5650), depth: 0, stencil: 0, acc: 0000, samples: 3/1
display  D   display_settings.c:506  _al_score_display_settings       [   0.05758] Score is : 721
display  D   display_settings.c:191  debug_display_settings           [   0.05759] color: 16 (rgba 5650), depth: 24, stencil: 8, acc: 0000, samples: 0/0
display  D   display_settings.c:506  _al_score_display_settings       [   0.05761] Score is : 897
display  D   display_settings.c:191  debug_display_settings           [   0.05762] color: 16 (rgba 5650), depth: 24, stencil: 8, acc: 0000, samples: 0/0
display  D   display_settings.c:506  _al_score_display_settings       [   0.05764] Score is : 897
display  D   display_settings.c:191  debug_display_settings           [   0.05765] color: 16 (rgba 5650), depth: 24, stencil: 8, acc: 0000, samples: 2/1
display  D   display_settings.c:506  _al_score_display_settings       [   0.05766] Score is : 726
display  D   display_settings.c:191  debug_display_settings           [   0.05767] color: 16 (rgba 5650), depth: 24, stencil: 8, acc: 0000, samples: 3/1
display  D   display_settings.c:506  _al_score_display_settings       [   0.05769] Score is : 721
display  D   display_settings.c:191  debug_display_settings           [   0.05770] color: 16 (rgba 5650), depth: 24, stencil: 0, acc: 0000, samples: 0/0
display  D   display_settings.c:506  _al_score_display_settings       [   0.05772] Score is : 897
display  D   display_settings.c:191  debug_display_settings           [   0.05773] color: 16 (rgba 5650), depth: 24, stencil: 0, acc: 0000, samples: 0/0
display  D   display_settings.c:506  _al_score_display_settings       [   0.05774] Score is : 897
display  D   display_settings.c:191  debug_display_settings           [   0.05776] color: 16 (rgba 5650), depth: 24, stencil: 0, acc: 0000, samples: 2/1
display  D   display_settings.c:506  _al_score_display_settings       [   0.05777] Score is : 726
display  D   display_settings.c:191  debug_display_settings           [   0.05778] color: 16 (rgba 5650), depth: 24, stencil: 0, acc: 0000, samples: 3/1
display  D   display_settings.c:506  _al_score_display_settings       [   0.05780] Score is : 721
display  D   display_settings.c:191  debug_display_settings           [   0.05781] color: 16 (rgba 5650), depth: 16, stencil: 0, acc: 0000, samples: 0/0
display  D   display_settings.c:506  _al_score_display_settings       [   0.05784] Score is : 897
display  D   display_settings.c:191  debug_display_settings           [   0.05786] color: 16 (rgba 5650), depth: 16, stencil: 0, acc: 0000, samples: 0/0
display  D   display_settings.c:506  _al_score_display_settings       [   0.05787] Score is : 897
display  D   display_settings.c:191  debug_display_settings           [   0.05788] color: 16 (rgba 5650), depth: 16, stencil: 0, acc: 0000, samples: 2/1
display  D   display_settings.c:506  _al_score_display_settings       [   0.05790] Score is : 726
display  D   display_settings.c:191  debug_display_settings           [   0.05791] color: 16 (rgba 5650), depth: 16, stencil: 0, acc: 0000, samples: 3/1
display  D   display_settings.c:506  _al_score_display_settings       [   0.05793] Score is : 721
display  D   display_settings.c:191  debug_display_settings           [   0.05794] color: 32 (rgba 8880), depth: 0, stencil: 0, acc: 0000, samples: 0/0
display  D   display_settings.c:377  _al_score_display_settings       [   0.05795] Single Buffer requirement not met.
display  D   display_settings.c:191  debug_display_settings           [   0.05797] color: 32 (rgba 8880), depth: 0, stencil: 0, acc: 0000, samples: 0/0
display  D   display_settings.c:377  _al_score_display_settings       [   0.05798] Single Buffer requirement not met.
display  D   display_settings.c:191  debug_display_settings           [   0.05799] color: 32 (rgba 8880), depth: 0, stencil: 0, acc: 0000, samples: 2/1
display  D   display_settings.c:377  _al_score_display_settings       [   0.05801] Single Buffer requirement not met.
display  D   display_settings.c:191  debug_display_settings           [   0.05802] color: 32 (rgba 8880), depth: 0, stencil: 0, acc: 0000, samples: 3/1
display  D   display_settings.c:377  _al_score_display_settings       [   0.05803] Single Buffer requirement not met.
display  D   display_settings.c:191  debug_display_settings           [   0.05805] color: 32 (rgba 8880), depth: 24, stencil: 8, acc: 0000, samples: 0/0
display  D   display_settings.c:377  _al_score_display_settings       [   0.05806] Single Buffer requirement not met.
display  D   display_settings.c:191  debug_display_settings           [   0.05807] color: 32 (rgba 8880), depth: 24, stencil: 8, acc: 0000, samples: 0/0
display  D   display_settings.c:377  _al_score_display_settings       [   0.05809] Single Buffer requirement not met.
display  D   display_settings.c:191  debug_display_settings           [   0.05810] color: 32 (rgba 8880), depth: 24, stencil: 8, acc: 0000, samples: 2/1
display  D   display_settings.c:377  _al_score_display_settings       [   0.05811] Single Buffer requirement not met.
display  D   display_settings.c:191  debug_display_settings           [   0.05813] color: 32 (rgba 8880), depth: 24, stencil: 8, acc: 0000, samples: 3/1
display  D   display_settings.c:377  _al_score_display_settings       [   0.05814] Single Buffer requirement not met.
display  D   display_settings.c:191  debug_display_settings           [   0.05815] color: 32 (rgba 8880), depth: 24, stencil: 0, acc: 0000, samples: 0/0
display  D   display_settings.c:377  _al_score_display_settings       [   0.05817] Single Buffer requirement not met.
display  D   display_settings.c:191  debug_display_settings           [   0.05818] color: 32 (rgba 8880), depth: 24, stencil: 0, acc: 0000, samples: 0/0
display  D   display_settings.c:377  _al_score_display_settings       [   0.05820] Single Buffer requirement not met.
display  D   display_settings.c:191  debug_display_settings           [   0.05821] color: 32 (rgba 8880), depth: 24, stencil: 0, acc: 0000, samples: 2/1
display  D   display_settings.c:377  _al_score_display_settings       [   0.05822] Single Buffer requirement not met.
display  D   display_settings.c:191  debug_display_settings           [   0.05823] color: 32 (rgba 8880), depth: 24, stencil: 0, acc: 0000, samples: 3/1
display  D   display_settings.c:377  _al_score_display_settings       [   0.05825] Single Buffer requirement not met.
display  D   display_settings.c:191  debug_display_settings           [   0.05826] color: 32 (rgba 8880), depth: 16, stencil: 0, acc: 0000, samples: 0/0
display  D   display_settings.c:377  _al_score_display_settings       [   0.05828] Single Buffer requirement not met.
display  D   display_settings.c:191  debug_display_settings           [   0.05829] color: 32 (rgba 8880), depth: 16, stencil: 0, acc: 0000, samples: 0/0
display  D   display_settings.c:377  _al_score_display_settings       [   0.05830] Single Buffer requirement not met.
display  D   display_settings.c:191  debug_display_settings           [   0.05832] color: 32 (rgba 8880), depth: 16, stencil: 0, acc: 0000, samples: 2/1
display  D   display_settings.c:377  _al_score_display_settings       [   0.05833] Single Buffer requirement not met.
display  D   display_settings.c:191  debug_display_settings           [   0.05834] color: 32 (rgba 8880), depth: 16, stencil: 0, acc: 0000, samples: 3/1
display  D   display_settings.c:377  _al_score_display_settings       [   0.05836] Single Buffer requirement not met.
display  D   display_settings.c:191  debug_display_settings           [   0.05837] color: 16 (rgba 5650), depth: 0, stencil: 0, acc: 0000, samples: 0/0
display  D   display_settings.c:377  _al_score_display_settings       [   0.05839] Single Buffer requirement not met.
display  D   display_settings.c:191  debug_display_settings           [   0.05840] color: 16 (rgba 5650), depth: 0, stencil: 0, acc: 0000, samples: 0/0
display  D   display_settings.c:377  _al_score_display_settings       [   0.05841] Single Buffer requirement not met.
display  D   display_settings.c:191  debug_display_settings           [   0.05842] color: 16 (rgba 5650), depth: 0, stencil: 0, acc: 0000, samples: 2/1
display  D   display_settings.c:377  _al_score_display_settings       [   0.05844] Single Buffer requirement not met.
display  D   display_settings.c:191  debug_display_settings           [   0.05845] color: 16 (rgba 5650), depth: 0, stencil: 0, acc: 0000, samples: 3/1
display  D   display_settings.c:377  _al_score_display_settings       [   0.05847] Single Buffer requirement not met.
display  D   display_settings.c:191  debug_display_settings           [   0.05848] color: 16 (rgba 5650), depth: 24, stencil: 8, acc: 0000, samples: 0/0
display  D   display_settings.c:377  _al_score_display_settings       [   0.05850] Single Buffer requirement not met.
display  D   display_settings.c:191  debug_display_settings           [   0.05851] color: 16 (rgba 5650), depth: 24, stencil: 8, acc: 0000, samples: 0/0
display  D   display_settings.c:377  _al_score_display_settings       [   0.05852] Single Buffer requirement not met.
display  D   display_settings.c:191  debug_display_settings           [   0.05853] color: 16 (rgba 5650), depth: 24, stencil: 8, acc: 0000, samples: 2/1
display  D   display_settings.c:377  _al_score_display_settings       [   0.05855] Single Buffer requirement not met.
display  D   display_settings.c:191  debug_display_settings           [   0.05856] color: 16 (rgba 5650), depth: 24, stencil: 8, acc: 0000, samples: 3/1
display  D   display_settings.c:377  _al_score_display_settings       [   0.05858] Single Buffer requirement not met.
display  D   display_settings.c:191  debug_display_settings           [   0.05859] color: 16 (rgba 5650), depth: 24, stencil: 0, acc: 0000, samples: 0/0
display  D   display_settings.c:377  _al_score_display_settings       [   0.05860] Single Buffer requirement not met.
display  D   display_settings.c:191  debug_display_settings           [   0.05862] color: 16 (rgba 5650), depth: 24, stencil: 0, acc: 0000, samples: 0/0
display  D   display_settings.c:377  _al_score_display_settings       [   0.05863] Single Buffer requirement not met.
display  D   display_settings.c:191  debug_display_settings           [   0.05864] color: 16 (rgba 5650), depth: 24, stencil: 0, acc: 0000, samples: 2/1
display  D   display_settings.c:377  _al_score_display_settings       [   0.05866] Single Buffer requirement not met.
display  D   display_settings.c:191  debug_display_settings           [   0.05867] color: 16 (rgba 5650), depth: 24, stencil: 0, acc: 0000, samples: 3/1
display  D   display_settings.c:377  _al_score_display_settings       [   0.05869] Single Buffer requirement not met.
display  D   display_settings.c:191  debug_display_settings           [   0.05870] color: 16 (rgba 5650), depth: 16, stencil: 0, acc: 0000, samples: 0/0
display  D   display_settings.c:377  _al_score_display_settings       [   0.05871] Single Buffer requirement not met.
display  D   display_settings.c:191  debug_display_settings           [   0.05873] color: 16 (rgba 5650), depth: 16, stencil: 0, acc: 0000, samples: 0/0
display  D   display_settings.c:377  _al_score_display_settings       [   0.05874] Single Buffer requirement not met.
display  D   display_settings.c:191  debug_display_settings           [   0.05875] color: 16 (rgba 5650), depth: 16, stencil: 0, acc: 0000, samples: 2/1
display  D   display_settings.c:377  _al_score_display_settings       [   0.05877] Single Buffer requirement not met.
display  D   display_settings.c:191  debug_display_settings           [   0.05878] color: 16 (rgba 5650), depth: 16, stencil: 0, acc: 0000, samples: 3/1
display  D   display_settings.c:377  _al_score_display_settings       [   0.05879] Single Buffer requirement not met.
display  D   display_settings.c:191  debug_display_settings           [   0.05881] color: 32 (rgba 8880), depth: 0, stencil: 0, acc: 0000, samples: 0/0
display  D   display_settings.c:506  _al_score_display_settings       [   0.05882] Score is : 769
display  D   display_settings.c:191  debug_display_settings           [   0.05883] color: 32 (rgba 8880), depth: 0, stencil: 0, acc: 0000, samples: 0/0
display  D   display_settings.c:506  _al_score_display_settings       [   0.05885] Score is : 769
display  D   display_settings.c:191  debug_display_settings           [   0.05886] color: 32 (rgba 8880), depth: 0, stencil: 0, acc: 0000, samples: 2/1
display  D   display_settings.c:506  _al_score_display_settings       [   0.05887] Score is : 598
display  D   display_settings.c:191  debug_display_settings           [   0.05889] color: 32 (rgba 8880), depth: 0, stencil: 0, acc: 0000, samples: 3/1
display  D   display_settings.c:506  _al_score_display_settings       [   0.05890] Score is : 593
display  D   display_settings.c:191  debug_display_settings           [   0.05891] color: 32 (rgba 8880), depth: 24, stencil: 8, acc: 0000, samples: 0/0
display  D   display_settings.c:506  _al_score_display_settings       [   0.05893] Score is : 769
display  D   display_settings.c:191  debug_display_settings           [   0.05894] color: 32 (rgba 8880), depth: 24, stencil: 8, acc: 0000, samples: 0/0
display  D   display_settings.c:506  _al_score_display_settings       [   0.05895] Score is : 769
display  D   display_settings.c:191  debug_display_settings           [   0.05897] color: 32 (rgba 8880), depth: 24, stencil: 8, acc: 0000, samples: 2/1
display  D   display_settings.c:506  _al_score_display_settings       [   0.05898] Score is : 598
display  D   display_settings.c:191  debug_display_settings           [   0.05899] color: 32 (rgba 8880), depth: 24, stencil: 8, acc: 0000, samples: 3/1
display  D   display_settings.c:506  _al_score_display_settings       [   0.05901] Score is : 593
display  D   display_settings.c:191  debug_display_settings           [   0.05902] color: 32 (rgba 8880), depth: 24, stencil: 0, acc: 0000, samples: 0/0
display  D   display_settings.c:506  _al_score_display_settings       [   0.05903] Score is : 769
display  D   display_settings.c:191  debug_display_settings           [   0.05905] color: 32 (rgba 8880), depth: 24, stencil: 0, acc: 0000, samples: 0/0
display  D   display_settings.c:506  _al_score_display_settings       [   0.05906] Score is : 769
display  D   display_settings.c:191  debug_display_settings           [   0.05907] color: 32 (rgba 8880), depth: 24, stencil: 0, acc: 0000, samples: 2/1
display  D   display_settings.c:506  _al_score_display_settings       [   0.05909] Score is : 598
display  D   display_settings.c:191  debug_display_settings           [   0.05910] color: 32 (rgba 8880), depth: 24, stencil: 0, acc: 0000, samples: 3/1
display  D   display_settings.c:506  _al_score_display_settings       [   0.05912] Score is : 593
display  D   display_settings.c:191  debug_display_settings           [   0.05913] color: 32 (rgba 8880), depth: 16, stencil: 0, acc: 0000, samples: 0/0
display  D   display_settings.c:506  _al_score_display_settings       [   0.05914] Score is : 769
display  D   display_settings.c:191  debug_display_settings           [   0.05915] color: 32 (rgba 8880), depth: 16, stencil: 0, acc: 0000, samples: 0/0
display  D   display_settings.c:506  _al_score_display_settings       [   0.05917] Score is : 769
display  D   display_settings.c:191  debug_display_settings           [   0.05918] color: 32 (rgba 8880), depth: 16, stencil: 0, acc: 0000, samples: 2/1
display  D   display_settings.c:506  _al_score_display_settings       [   0.05920] Score is : 598
display  D   display_settings.c:191  debug_display_settings           [   0.05921] color: 32 (rgba 8880), depth: 16, stencil: 0, acc: 0000, samples: 3/1
display  D   display_settings.c:506  _al_score_display_settings       [   0.05922] Score is : 593
display  D   display_settings.c:191  debug_display_settings           [   0.05923] color: 16 (rgba 5650), depth: 0, stencil: 0, acc: 0000, samples: 0/0
display  D   display_settings.c:506  _al_score_display_settings       [   0.05925] Score is : 769
display  D   display_settings.c:191  debug_display_settings           [   0.05926] color: 16 (rgba 5650), depth: 0, stencil: 0, acc: 0000, samples: 0/0
display  D   display_settings.c:506  _al_score_display_settings       [   0.05927] Score is : 769
display  D   display_settings.c:191  debug_display_settings           [   0.05929] color: 16 (rgba 5650), depth: 0, stencil: 0, acc: 0000, samples: 2/1
display  D   display_settings.c:506  _al_score_display_settings       [   0.05930] Score is : 598
display  D   display_settings.c:191  debug_display_settings           [   0.05931] color: 16 (rgba 5650), depth: 0, stencil: 0, acc: 0000, samples: 3/1
display  D   display_settings.c:506  _al_score_display_settings       [   0.05933] Score is : 593
display  D   display_settings.c:191  debug_display_settings           [   0.05934] color: 16 (rgba 5650), depth: 24, stencil: 8, acc: 0000, samples: 0/0
display  D   display_settings.c:506  _al_score_display_settings       [   0.05935] Score is : 769
display  D   display_settings.c:191  debug_display_settings           [   0.05937] color: 16 (rgba 5650), depth: 24, stencil: 8, acc: 0000, samples: 0/0
display  D   display_settings.c:506  _al_score_display_settings       [   0.05938] Score is : 769
display  D   display_settings.c:191  debug_display_settings           [   0.05939] color: 16 (rgba 5650), depth: 24, stencil: 8, acc: 0000, samples: 2/1
display  D   display_settings.c:506  _al_score_display_settings       [   0.05941] Score is : 598
display  D   display_settings.c:191  debug_display_settings           [   0.05942] color: 16 (rgba 5650), depth: 24, stencil: 8, acc: 0000, samples: 3/1
display  D   display_settings.c:506  _al_score_display_settings       [   0.05943] Score is : 593
display  D   display_settings.c:191  debug_display_settings           [   0.05945] color: 16 (rgba 5650), depth: 24, stencil: 0, acc: 0000, samples: 0/0
display  D   display_settings.c:506  _al_score_display_settings       [   0.05946] Score is : 769
display  D   display_settings.c:191  debug_display_settings           [   0.05947] color: 16 (rgba 5650), depth: 24, stencil: 0, acc: 0000, samples: 0/0
display  D   display_settings.c:506  _al_score_display_settings       [   0.05949] Score is : 769
display  D   display_settings.c:191  debug_display_settings           [   0.05950] color: 16 (rgba 5650), depth: 24, stencil: 0, acc: 0000, samples: 2/1
display  D   display_settings.c:506  _al_score_display_settings       [   0.05952] Score is : 598
display  D   display_settings.c:191  debug_display_settings           [   0.05954] color: 16 (rgba 5650), depth: 24, stencil: 0, acc: 0000, samples: 3/1
display  D   display_settings.c:506  _al_score_display_settings       [   0.05955] Score is : 593
display  D   display_settings.c:191  debug_display_settings           [   0.05957] color: 16 (rgba 5650), depth: 16, stencil: 0, acc: 0000, samples: 0/0
display  D   display_settings.c:506  _al_score_display_settings       [   0.05958] Score is : 769
display  D   display_settings.c:191  debug_display_settings           [   0.05959] color: 16 (rgba 5650), depth: 16, stencil: 0, acc: 0000, samples: 0/0
display  D   display_settings.c:506  _al_score_display_settings       [   0.05961] Score is : 769
display  D   display_settings.c:191  debug_display_settings           [   0.05962] color: 16 (rgba 5650), depth: 16, stencil: 0, acc: 0000, samples: 2/1
display  D   display_settings.c:506  _al_score_display_settings       [   0.05963] Score is : 598
display  D   display_settings.c:191  debug_display_settings           [   0.05965] color: 16 (rgba 5650), depth: 16, stencil: 0, acc: 0000, samples: 3/1
display  D   display_settings.c:506  _al_score_display_settings       [   0.05966] Score is : 593
display  D   display_settings.c:191  debug_display_settings           [   0.05967] color: 32 (rgba 8880), depth: 0, stencil: 0, acc: 0000, samples: 0/0
display  D   display_settings.c:377  _al_score_display_settings       [   0.05969] Single Buffer requirement not met.
display  D   display_settings.c:191  debug_display_settings           [   0.05970] color: 32 (rgba 8880), depth: 0, stencil: 0, acc: 0000, samples: 0/0
display  D   display_settings.c:377  _al_score_display_settings       [   0.05971] Single Buffer requirement not met.
display  D   display_settings.c:191  debug_display_settings           [   0.05973] color: 32 (rgba 8880), depth: 0, stencil: 0, acc: 0000, samples: 2/1
display  D   display_settings.c:377  _al_score_display_settings       [   0.05974] Single Buffer requirement not met.
display  D   display_settings.c:191  debug_display_settings           [   0.05975] color: 32 (rgba 8880), depth: 0, stencil: 0, acc: 0000, samples: 3/1
display  D   display_settings.c:377  _al_score_display_settings       [   0.05977] Single Buffer requirement not met.
display  D   display_settings.c:191  debug_display_settings           [   0.05978] color: 32 (rgba 8880), depth: 24, stencil: 8, acc: 0000, samples: 0/0
display  D   display_settings.c:377  _al_score_display_settings       [   0.05979] Single Buffer requirement not met.
display  D   display_settings.c:191  debug_display_settings           [   0.05981] color: 32 (rgba 8880), depth: 24, stencil: 8, acc: 0000, samples: 0/0
display  D   display_settings.c:377  _al_score_display_settings       [   0.05982] Single Buffer requirement not met.
display  D   display_settings.c:191  debug_display_settings           [   0.05983] color: 32 (rgba 8880), depth: 24, stencil: 8, acc: 0000, samples: 2/1
display  D   display_settings.c:377  _al_score_display_settings       [   0.05985] Single Buffer requirement not met.
display  D   display_settings.c:191  debug_display_settings           [   0.05986] color: 32 (rgba 8880), depth: 24, stencil: 8, acc: 0000, samples: 3/1
display  D   display_settings.c:377  _al_score_display_settings       [   0.05988] Single Buffer requirement not met.
display  D   display_settings.c:191  debug_display_settings           [   0.05989] color: 32 (rgba 8880), depth: 24, stencil: 0, acc: 0000, samples: 0/0
display  D   display_settings.c:377  _al_score_display_settings       [   0.05990] Single Buffer requirement not met.
display  D   display_settings.c:191  debug_display_settings           [   0.05992] color: 32 (rgba 8880), depth: 24, stencil: 0, acc: 0000, samples: 0/0
display  D   display_settings.c:377  _al_score_display_settings       [   0.05993] Single Buffer requirement not met.
display  D   display_settings.c:191  debug_display_settings           [   0.05994] color: 32 (rgba 8880), depth: 24, stencil: 0, acc: 0000, samples: 2/1
display  D   display_settings.c:377  _al_score_display_settings       [   0.05996] Single Buffer requirement not met.
display  D   display_settings.c:191  debug_display_settings           [   0.05997] color: 32 (rgba 8880), depth: 24, stencil: 0, acc: 0000, samples: 3/1
display  D   display_settings.c:377  _al_score_display_settings       [   0.05999] Single Buffer requirement not met.
display  D   display_settings.c:191  debug_display_settings           [   0.06000] color: 32 (rgba 8880), depth: 16, stencil: 0, acc: 0000, samples: 0/0
display  D   display_settings.c:377  _al_score_display_settings       [   0.06001] Single Buffer requirement not met.
display  D   display_settings.c:191  debug_display_settings           [   0.06002] color: 32 (rgba 8880), depth: 16, stencil: 0, acc: 0000, samples: 0/0
display  D   display_settings.c:377  _al_score_display_settings       [   0.06004] Single Buffer requirement not met.
display  D   display_settings.c:191  debug_display_settings           [   0.06005] color: 32 (rgba 8880), depth: 16, stencil: 0, acc: 0000, samples: 2/1
display  D   display_settings.c:377  _al_score_display_settings       [   0.06007] Single Buffer requirement not met.
display  D   display_settings.c:191  debug_display_settings           [   0.06008] color: 32 (rgba 8880), depth: 16, stencil: 0, acc: 0000, samples: 3/1
display  D   display_settings.c:377  _al_score_display_settings       [   0.06009] Single Buffer requirement not met.
display  D   display_settings.c:191  debug_display_settings           [   0.06011] color: 16 (rgba 5650), depth: 0, stencil: 0, acc: 0000, samples: 0/0
display  D   display_settings.c:377  _al_score_display_settings       [   0.06012] Single Buffer requirement not met.
display  D   display_settings.c:191  debug_display_settings           [   0.06013] color: 16 (rgba 5650), depth: 0, stencil: 0, acc: 0000, samples: 0/0
display  D   display_settings.c:377  _al_score_display_settings       [   0.06015] Single Buffer requirement not met.
display  D   display_settings.c:191  debug_display_settings           [   0.06016] color: 16 (rgba 5650), depth: 0, stencil: 0, acc: 0000, samples: 2/1
display  D   display_settings.c:377  _al_score_display_settings       [   0.06017] Single Buffer requirement not met.
display  D   display_settings.c:191  debug_display_settings           [   0.06019] color: 16 (rgba 5650), depth: 0, stencil: 0, acc: 0000, samples: 3/1
display  D   display_settings.c:377  _al_score_display_settings       [   0.06020] Single Buffer requirement not met.
display  D   display_settings.c:191  debug_display_settings           [   0.06021] color: 16 (rgba 5650), depth: 24, stencil: 8, acc: 0000, samples: 0/0
display  D   display_settings.c:377  _al_score_display_settings       [   0.06023] Single Buffer requirement not met.
display  D   display_settings.c:191  debug_display_settings           [   0.06024] color: 16 (rgba 5650), depth: 24, stencil: 8, acc: 0000, samples: 0/0
display  D   display_settings.c:377  _al_score_display_settings       [   0.06026] Single Buffer requirement not met.
display  D   display_settings.c:191  debug_display_settings           [   0.06027] color: 16 (rgba 5650), depth: 24, stencil: 8, acc: 0000, samples: 2/1
display  D   display_settings.c:377  _al_score_display_settings       [   0.06028] Single Buffer requirement not met.
display  D   display_settings.c:191  debug_display_settings           [   0.06029] color: 16 (rgba 5650), depth: 24, stencil: 8, acc: 0000, samples: 3/1
display  D   display_settings.c:377  _al_score_display_settings       [   0.06031] Single Buffer requirement not met.
display  D   display_settings.c:191  debug_display_settings           [   0.06032] color: 16 (rgba 5650), depth: 24, stencil: 0, acc: 0000, samples: 0/0
display  D   display_settings.c:377  _al_score_display_settings       [   0.06034] Single Buffer requirement not met.
display  D   display_settings.c:191  debug_display_settings           [   0.06035] color: 16 (rgba 5650), depth: 24, stencil: 0, acc: 0000, samples: 0/0
display  D   display_settings.c:377  _al_score_display_settings       [   0.06036] Single Buffer requirement not met.
display  D   display_settings.c:191  debug_display_settings           [   0.06038] color: 16 (rgba 5650), depth: 24, stencil: 0, acc: 0000, samples: 2/1
display  D   display_settings.c:377  _al_score_display_settings       [   0.06039] Single Buffer requirement not met.
display  D   display_settings.c:191  debug_display_settings           [   0.06040] color: 16 (rgba 5650), depth: 24, stencil: 0, acc: 0000, samples: 3/1
display  D   display_settings.c:377  _al_score_display_settings       [   0.06042] Single Buffer requirement not met.
display  D   display_settings.c:191  debug_display_settings           [   0.06043] color: 16 (rgba 5650), depth: 16, stencil: 0, acc: 0000, samples: 0/0
display  D   display_settings.c:377  _al_score_display_settings       [   0.06045] Single Buffer requirement not met.
display  D   display_settings.c:191  debug_display_settings           [   0.06046] color: 16 (rgba 5650), depth: 16, stencil: 0, acc: 0000, samples: 0/0
display  D   display_settings.c:377  _al_score_display_settings       [   0.06048] Single Buffer requirement not met.
display  D   display_settings.c:191  debug_display_settings           [   0.06049] color: 16 (rgba 5650), depth: 16, stencil: 0, acc: 0000, samples: 2/1
display  D   display_settings.c:377  _al_score_display_settings       [   0.06050] Single Buffer requirement not met.
display  D   display_settings.c:191  debug_display_settings           [   0.06052] color: 16 (rgba 5650), depth: 16, stencil: 0, acc: 0000, samples: 3/1
display  D   display_settings.c:377  _al_score_display_settings       [   0.06053] Single Buffer requirement not met.
d3d      D         d3d_disp.cpp:1640 d3d_create_display_internals     [   0.06057] Trying format 0.
d3d      I         d3d_disp.cpp:1325 d3d_display_thread_proc          [   0.06080] Chose a display format: 23
d3d      I         d3d_disp.cpp:1394 d3d_display_thread_proc          [   0.06083] Normal window.
d3d      I         d3d_disp.cpp:800  d3d_create_device                [   0.06777] Using no depth stencil buffer
d3d      D         d3d_disp.cpp:865  d3d_create_device                [   0.12080] BeginScene succeeded in create_device
d3d      D         d3d_disp.cpp:873  d3d_create_device                [   0.12084] Success
d3d      D         d3d_disp.cpp:1663 d3d_create_display_internals     [   0.12087] Resumed after wait.
d3d      I         d3d_disp.cpp:1696 d3d_create_display_internals     [   0.12091] Format 0 succeeded.
d3d      D         d3d_disp.cpp:1719 d3d_create_display_internals     [   0.12093] Returning d3d_display: 007F40A0
d3d      D         d3d_disp.cpp:1744 d3d_create_display_locked        [   0.12095] al_display=007F40A0
d3d      D         d3d_disp.cpp:1745 d3d_create_display_locked        [   0.12096] al_display->vt=007F3FD8
d3d      D         d3d_disp.cpp:1165 real_choose_bitmap_format        [   0.12325] Fake format
d3d      D         d3d_disp.cpp:1165 real_choose_bitmap_format        [   0.12327] Fake format
d3d      D         d3d_disp.cpp:1165 real_choose_bitmap_format        [   0.12328] Fake format
d3d      D         d3d_disp.cpp:1165 real_choose_bitmap_format        [   0.12329] Fake format
d3d      D         d3d_disp.cpp:1165 real_choose_bitmap_format        [   0.12330] Fake format
d3d      D         d3d_disp.cpp:1165 real_choose_bitmap_format        [   0.12331] Fake format
d3d      D         d3d_disp.cpp:1165 real_choose_bitmap_format        [   0.12332] Fake format
d3d      D         d3d_disp.cpp:1165 real_choose_bitmap_format        [   0.12334] Fake format
d3d      D         d3d_disp.cpp:1165 real_choose_bitmap_format        [   0.12335] Fake format
d3d      D         d3d_disp.cpp:1173 real_choose_bitmap_format        [   0.12336] Alpha doesn't match
d3d      D         d3d_disp.cpp:1180 real_choose_bitmap_format        [   0.12337] Adapter format is 23
d3d      D         d3d_disp.cpp:1183 real_choose_bitmap_format        [   0.12339] Found a format
d3d      I         d3d_disp.cpp:2289 _al_d3d_create_bitmap            [   0.12340] Chose bitmap format 9
dtor     D               dtor.c:184  _al_register_destructor          [   0.12384] added dtor for object 00839198, func 51F32581
d3d      D          d3d_bmp.cpp:455  _al_d3d_sync_bitmap              [   0.13719] _al_d3d_sync_bitmap (system) ref count == 1
d3d      D          d3d_bmp.cpp:460  _al_d3d_sync_bitmap              [   0.13723] _al_d3d_sync_bitmap (video) ref count == 1
d3d      D         d3d_disp.cpp:1165 real_choose_bitmap_format        [   0.14287] Fake format
d3d      D         d3d_disp.cpp:1165 real_choose_bitmap_format        [   0.14289] Fake format
d3d      D         d3d_disp.cpp:1165 real_choose_bitmap_format        [   0.14290] Fake format
d3d      D         d3d_disp.cpp:1165 real_choose_bitmap_format        [   0.14291] Fake format
d3d      D         d3d_disp.cpp:1165 real_choose_bitmap_format        [   0.14292] Fake format
d3d      D         d3d_disp.cpp:1165 real_choose_bitmap_format        [   0.14293] Fake format
d3d      D         d3d_disp.cpp:1165 real_choose_bitmap_format        [   0.14294] Fake format
d3d      D         d3d_disp.cpp:1165 real_choose_bitmap_format        [   0.14296] Fake format
d3d      D         d3d_disp.cpp:1165 real_choose_bitmap_format        [   0.14297] Fake format
d3d      D         d3d_disp.cpp:1173 real_choose_bitmap_format        [   0.14298] Alpha doesn't match
d3d      D         d3d_disp.cpp:1180 real_choose_bitmap_format        [   0.14299] Adapter format is 23
d3d      D         d3d_disp.cpp:1183 real_choose_bitmap_format        [   0.14300] Found a format
d3d      I         d3d_disp.cpp:2289 _al_d3d_create_bitmap            [   0.14301] Chose bitmap format 9
dtor     D               dtor.c:184  _al_register_destructor          [   0.14315] added dtor for object 0083B290, func 51F32581
d3d      D          d3d_bmp.cpp:455  _al_d3d_sync_bitmap              [   0.14674] _al_d3d_sync_bitmap (system) ref count == 1
d3d      D          d3d_bmp.cpp:460  _al_d3d_sync_bitmap              [   0.14677] _al_d3d_sync_bitmap (video) ref count == 1
d3d      D         d3d_disp.cpp:1165 real_choose_bitmap_format        [   0.14708] Fake format
d3d      D         d3d_disp.cpp:1165 real_choose_bitmap_format        [   0.14710] Fake format
d3d      D         d3d_disp.cpp:1165 real_choose_bitmap_format        [   0.14711] Fake format
d3d      D         d3d_disp.cpp:1165 real_choose_bitmap_format        [   0.14712] Fake format
d3d      D         d3d_disp.cpp:1165 real_choose_bitmap_format        [   0.14713] Fake format
d3d      D         d3d_disp.cpp:1165 real_choose_bitmap_format        [   0.14715] Fake format
d3d      D         d3d_disp.cpp:1165 real_choose_bitmap_format        [   0.14716] Fake format
d3d      D         d3d_disp.cpp:1165 real_choose_bitmap_format        [   0.14717] Fake format
d3d      D         d3d_disp.cpp:1165 real_choose_bitmap_format        [   0.14718] Fake format
d3d      D         d3d_disp.cpp:1173 real_choose_bitmap_format        [   0.14719] Alpha doesn't match
d3d      D         d3d_disp.cpp:1180 real_choose_bitmap_format        [   0.14720] Adapter format is 23
d3d      D         d3d_disp.cpp:1183 real_choose_bitmap_format        [   0.14722] Found a format
d3d      I         d3d_disp.cpp:2289 _al_d3d_create_bitmap            [   0.14723] Chose bitmap format 9
dtor     D               dtor.c:184  _al_register_destructor          [   0.14735] added dtor for object 0083AFD0, func 51F32581
d3d      D          d3d_bmp.cpp:455  _al_d3d_sync_bitmap              [   0.14847] _al_d3d_sync_bitmap (system) ref count == 1
d3d      D          d3d_bmp.cpp:460  _al_d3d_sync_bitmap              [   0.14849] _al_d3d_sync_bitmap (video) ref count == 1
d3d      D         d3d_disp.cpp:1165 real_choose_bitmap_format        [   0.14877] Fake format
d3d      D         d3d_disp.cpp:1165 real_choose_bitmap_format        [   0.14879] Fake format
d3d      D         d3d_disp.cpp:1165 real_choose_bitmap_format        [   0.14880] Fake format
d3d      D         d3d_disp.cpp:1165 real_choose_bitmap_format        [   0.14881] Fake format
d3d      D         d3d_disp.cpp:1165 real_choose_bitmap_format        [   0.14883] Fake format
d3d      D         d3d_disp.cpp:1165 real_choose_bitmap_format        [   0.14884] Fake format
d3d      D         d3d_disp.cpp:1165 real_choose_bitmap_format        [   0.14885] Fake format
d3d      D         d3d_disp.cpp:1165 real_choose_bitmap_format        [   0.14886] Fake format
d3d      D         d3d_disp.cpp:1165 real_choose_bitmap_format        [   0.14887] Fake format
d3d      D         d3d_disp.cpp:1173 real_choose_bitmap_format        [   0.14888] Alpha doesn't match
d3d      D         d3d_disp.cpp:1180 real_choose_bitmap_format        [   0.14889] Adapter format is 23
d3d      D         d3d_disp.cpp:1183 real_choose_bitmap_format        [   0.14891] Found a format
d3d      I         d3d_disp.cpp:2289 _al_d3d_create_bitmap            [   0.14892] Chose bitmap format 9
dtor     D               dtor.c:184  _al_register_destructor          [   0.14901] added dtor for object 0083A0F0, func 51F32581
d3d      D          d3d_bmp.cpp:455  _al_d3d_sync_bitmap              [   0.15004] _al_d3d_sync_bitmap (system) ref count == 1
d3d      D          d3d_bmp.cpp:460  _al_d3d_sync_bitmap              [   0.15006] _al_d3d_sync_bitmap (video) ref count == 1
d3d      D         d3d_disp.cpp:1165 real_choose_bitmap_format        [   0.15014] Fake format
d3d      D         d3d_disp.cpp:1165 real_choose_bitmap_format        [   0.15016] Fake format
d3d      D         d3d_disp.cpp:1165 real_choose_bitmap_format        [   0.15017] Fake format
d3d      D         d3d_disp.cpp:1165 real_choose_bitmap_format        [   0.15018] Fake format
d3d      D         d3d_disp.cpp:1165 real_choose_bitmap_format        [   0.15019] Fake format
d3d      D         d3d_disp.cpp:1165 real_choose_bitmap_format        [   0.15020] Fake format
d3d      D         d3d_disp.cpp:1165 real_choose_bitmap_format        [   0.15021] Fake format
d3d      D         d3d_disp.cpp:1165 real_choose_bitmap_format        [   0.15023] Fake format
d3d      D         d3d_disp.cpp:1165 real_choose_bitmap_format        [   0.15024] Fake format
d3d      D         d3d_disp.cpp:1173 real_choose_bitmap_format        [   0.15025] Alpha doesn't match
d3d      D         d3d_disp.cpp:1180 real_choose_bitmap_format        [   0.15026] Adapter format is 23
d3d      D         d3d_disp.cpp:1183 real_choose_bitmap_format        [   0.15027] Found a format
d3d      I         d3d_disp.cpp:2289 _al_d3d_create_bitmap            [   0.15028] Chose bitmap format 9
dtor     D               dtor.c:184  _al_register_destructor          [   0.15066] added dtor for object 0083A308, func 51F32581
d3d      D          d3d_bmp.cpp:455  _al_d3d_sync_bitmap              [   0.15475] _al_d3d_sync_bitmap (system) ref count == 1
d3d      D          d3d_bmp.cpp:460  _al_d3d_sync_bitmap              [   0.15477] _al_d3d_sync_bitmap (video) ref count == 1
d3d      D          d3d_bmp.cpp:455  _al_d3d_sync_bitmap              [   0.15607] _al_d3d_sync_bitmap (system) ref count == 1
d3d      D          d3d_bmp.cpp:460  _al_d3d_sync_bitmap              [   0.15609] _al_d3d_sync_bitmap (video) ref count == 1
d3d      D         d3d_disp.cpp:1165 real_choose_bitmap_format        [   0.15845] Fake format
d3d      D         d3d_disp.cpp:1165 real_choose_bitmap_format        [   0.15847] Fake format
d3d      D         d3d_disp.cpp:1165 real_choose_bitmap_format        [   0.15849] Fake format
d3d      D         d3d_disp.cpp:1165 real_choose_bitmap_format        [   0.15850] Fake format
d3d      D         d3d_disp.cpp:1165 real_choose_bitmap_format        [   0.15851] Fake format
d3d      D         d3d_disp.cpp:1165 real_choose_bitmap_format        [   0.15852] Fake format
d3d      D         d3d_disp.cpp:1165 real_choose_bitmap_format        [   0.15853] Fake format
d3d      D         d3d_disp.cpp:1165 real_choose_bitmap_format        [   0.15855] Fake format
d3d      D         d3d_disp.cpp:1165 real_choose_bitmap_format        [   0.15856] Fake format
d3d      D         d3d_disp.cpp:1173 real_choose_bitmap_format        [   0.15857] Alpha doesn't match
d3d      D         d3d_disp.cpp:1180 real_choose_bitmap_format        [   0.15858] Adapter format is 23
d3d      D         d3d_disp.cpp:1183 real_choose_bitmap_format        [   0.15859] Found a format
d3d      I         d3d_disp.cpp:2289 _al_d3d_create_bitmap            [   0.15861] Chose bitmap format 9
dtor     D               dtor.c:184  _al_register_destructor          [   0.15874] added dtor for object 00846308, func 51F32581
d3d      D          d3d_bmp.cpp:455  _al_d3d_sync_bitmap              [   0.16203] _al_d3d_sync_bitmap (system) ref count == 1
d3d      D          d3d_bmp.cpp:460  _al_d3d_sync_bitmap              [   0.16205] _al_d3d_sync_bitmap (video) ref count == 1
acodec   I                ogg.c:201  _al_load_ogg_vorbis              [   0.16218] Loading sample resources/music.ogg.
acodec   D                ogg.c:260  _al_load_ogg_vorbis_f            [   0.16382] channels 2
acodec   D                ogg.c:261  _al_load_ogg_vorbis_f            [   0.16384] word_size 2
acodec   D                ogg.c:262  _al_load_ogg_vorbis_f            [   0.16386] rate 44100
acodec   D                ogg.c:263  _al_load_ogg_vorbis_f            [   0.16387] total_samples 10103552
acodec   D                ogg.c:264  _al_load_ogg_vorbis_f            [   0.16389] total_size 40414208
dtor     D               dtor.c:184  _al_register_destructor          [   1.91727] added dtor for object 008462A8, func 51F32365
dtor     D               dtor.c:184  _al_register_destructor          [   1.91733] added dtor for object 00840540, func 51F3278E
d3d      D          d3d_bmp.cpp:455  _al_d3d_sync_bitmap              [   1.92700] _al_d3d_sync_bitmap (system) ref count == 1
d3d      D          d3d_bmp.cpp:460  _al_d3d_sync_bitmap              [   1.92706] _al_d3d_sync_bitmap (video) ref count == 1
d3d      D          d3d_bmp.cpp:455  _al_d3d_sync_bitmap              [   1.92743] _al_d3d_sync_bitmap (system) ref count == 1
d3d      D          d3d_bmp.cpp:460  _al_d3d_sync_bitmap              [   1.92745] _al_d3d_sync_bitmap (video) ref count == 1
d3d      D          d3d_bmp.cpp:455  _al_d3d_sync_bitmap              [   1.92766] _al_d3d_sync_bitmap (system) ref count == 1
d3d      D          d3d_bmp.cpp:460  _al_d3d_sync_bitmap              [   1.92770] _al_d3d_sync_bitmap (video) ref count == 1
d3d      D          d3d_bmp.cpp:455  _al_d3d_sync_bitmap              [   1.92782] _al_d3d_sync_bitmap (system) ref count == 1
d3d      D          d3d_bmp.cpp:460  _al_d3d_sync_bitmap              [   1.92784] _al_d3d_sync_bitmap (video) ref count == 1
d3d      D          d3d_bmp.cpp:455  _al_d3d_sync_bitmap              [   1.93032] _al_d3d_sync_bitmap (system) ref count == 1
d3d      D          d3d_bmp.cpp:460  _al_d3d_sync_bitmap              [   1.93034] _al_d3d_sync_bitmap (video) ref count == 1
d3d      D          d3d_bmp.cpp:455  _al_d3d_sync_bitmap              [   1.93604] _al_d3d_sync_bitmap (system) ref count == 1
d3d      D          d3d_bmp.cpp:460  _al_d3d_sync_bitmap              [   1.93607] _al_d3d_sync_bitmap (video) ref count == 1
dtor     D               dtor.c:114  _al_run_destructors              [   2.38611] calling dtor for object 00840540, func 51F3278E
dtor     D               dtor.c:214  _al_unregister_destructor        [   2.38614] removed dtor for object 00840540
dtor     D               dtor.c:114  _al_run_destructors              [   2.38617] calling dtor for object 00846308, func 51F32581
dtor     D               dtor.c:214  _al_unregister_destructor        [   2.38618] removed dtor for object 00846308
dtor     D               dtor.c:114  _al_run_destructors              [   2.38630] calling dtor for object 0083A308, func 51F32581
dtor     D               dtor.c:214  _al_unregister_destructor        [   2.38632] removed dtor for object 0083A308
dtor     D               dtor.c:114  _al_run_destructors              [   2.38663] calling dtor for object 0083A0F0, func 51F32581
dtor     D               dtor.c:214  _al_unregister_destructor        [   2.38665] removed dtor for object 0083A0F0
dtor     D               dtor.c:114  _al_run_destructors              [   2.38684] calling dtor for object 0083AFD0, func 51F32581
dtor     D               dtor.c:214  _al_unregister_destructor        [   2.38686] removed dtor for object 0083AFD0
dtor     D               dtor.c:114  _al_run_destructors              [   2.38694] calling dtor for object 0083B290, func 51F32581
dtor     D               dtor.c:214  _al_unregister_destructor        [   2.38696] removed dtor for object 0083B290
dtor     D               dtor.c:114  _al_run_destructors              [   2.38708] calling dtor for object 00839198, func 51F32581
dtor     D               dtor.c:214  _al_unregister_destructor        [   2.38710] removed dtor for object 00839198
dtor     D               dtor.c:214  _al_unregister_destructor        [   2.38741] removed dtor for object 007E44B8
dtor     D               dtor.c:214  _al_unregister_destructor        [   2.38743] removed dtor for object 007E17A0
dtor     D               dtor.c:214  _al_unregister_destructor        [   2.38745] removed dtor for object 007F2388
dtor     D               dtor.c:214  _al_unregister_destructor        [   2.38747] removed dtor for object 007F2B68
dtor     D               dtor.c:214  _al_unregister_destructor        [   2.38748] removed dtor for object 007F27A8
dtor     D               dtor.c:214  _al_unregister_destructor        [   2.38750] removed dtor for object 007F2C80
dtor     D               dtor.c:214  _al_unregister_destructor        [   2.38751] removed dtor for object 007F2608
dtor     D               dtor.c:214  _al_unregister_destructor        [   2.38753] removed dtor for object 007F31B8
dtor     D               dtor.c:214  _al_unregister_destructor        [   2.38754] removed dtor for object 007F34E0
dtor     D               dtor.c:214  _al_unregister_destructor        [   2.38756] removed dtor for object 007F24E0
dtor     D               dtor.c:214  _al_unregister_destructor        [   2.38758] removed dtor for object 007F2E48
dtor     D               dtor.c:214  _al_unregister_destructor        [   2.38760] removed dtor for object 007F33B0
dtor     D               dtor.c:214  _al_unregister_destructor        [   2.38761] removed dtor for object 007F37D8
dtor     D               dtor.c:214  _al_unregister_destructor        [   2.38763] removed dtor for object 007F35F8
dtor     D               dtor.c:214  _al_unregister_destructor        [   2.38764] removed dtor for object 007F38F0
dtor     D               dtor.c:214  _al_unregister_destructor        [   2.38766] removed dtor for object 007F3D28
dtor     D               dtor.c:214  _al_unregister_destructor        [   2.38767] removed dtor for object 007E0D38
audio-dsound D           dsound.cpp:516  _dsound_stop_voice               [   2.38769] Stopping voice
audio-dsound D           dsound.cpp:532  _dsound_stop_voice               [   2.38770] Joining thread
audio-dsound D           dsound.cpp:538  _dsound_stop_voice               [   2.38889] Joined thread
audio-dsound D           dsound.cpp:540  _dsound_stop_voice               [   2.38892] Destroying thread
audio-dsound D           dsound.cpp:542  _dsound_stop_voice               [   2.38893] Thread destroyed
audio-dsound D           dsound.cpp:545  _dsound_stop_voice               [   2.38895] Releasing buffer
audio-dsound I           dsound.cpp:549  _dsound_stop_voice               [   2.38896] Voice stopped
dtor     D               dtor.c:214  _al_unregister_destructor        [   2.38900] removed dtor for object 007DD0B8
audio-dsound D           dsound.cpp:365  _dsound_deallocate_voice         [   2.38902] Deallocating voice
audio-dsound D           dsound.cpp:370  _dsound_deallocate_voice         [   2.38903] Deallocated voice
dtor     D               dtor.c:114  _al_run_destructors              [   2.38905] calling dtor for object 008462A8, func 51F32365
dtor     D               dtor.c:214  _al_unregister_destructor        [   2.38907] removed dtor for object 008462A8
audio-dsound D           dsound.cpp:279  _dsound_close                    [   2.39534] Releasing device
audio-dsound D           dsound.cpp:281  _dsound_close                    [   2.40009] Released device
audio-dsound I           dsound.cpp:284  _dsound_close                    [   2.40013] DirectSound closed
d3d      I         d3d_disp.cpp:920  d3d_destroy_display              [   2.40067] destroying display 007F40A0 (current 00000000)
d3d      D         d3d_disp.cpp:904  d3d_destroy_display_internals    [   2.40069] waiting for display 007F40A0's thread to end
d3d      W         d3d_disp.cpp:616  d3d_destroy_device               [   2.40436] d3d_destroy_device: ref count not 0
d3d      I         d3d_disp.cpp:1522 d3d_display_thread_proc          [   2.43397] d3d display thread exits
